<html>
<head>
<title>TestNG:  Test</title>
<link href="../testng.css" rel="stylesheet" type="text/css" />
<link href="../my-testng.css" rel="stylesheet" type="text/css" />

<style type="text/css">
.log { display: none;} 
.stack-trace { display: none;} 
</style>
<script type="text/javascript">
<!--
function flip(e) {
  current = e.style.display;
  if (current == 'block') {
    e.style.display = 'none';
    return 0;
  }
  else {
    e.style.display = 'block';
    return 1;
  }
}

function toggleBox(szDivId, elem, msg1, msg2)
{
  var res = -1;  if (document.getElementById) {
    res = flip(document.getElementById(szDivId));
  }
  else if (document.all) {
    // this is the way old msie versions work
    res = flip(document.all[szDivId]);
  }
  if(elem) {
    if(res == 0) elem.innerHTML = msg1; else elem.innerHTML = msg2;
  }

}

function toggleAllBoxes() {
  if (document.getElementsByTagName) {
    d = document.getElementsByTagName('div');
    for (i = 0; i < d.length; i++) {
      if (d[i].className == 'log') {
        flip(d[i]);
      }
    }
  }
}

// -->
</script>

</head>
<body>
<h2 align='center'>Test</h2><table border='1' align="center">
<tr>
<td>Tests passed/Failed/Skipped:</td><td>2/1/4</td>
</tr><tr>
<td>Started on:</td><td>Tue Mar 30 00:12:11 EDT 2021</td>
</tr>
<tr><td>Total time:</td><td>6 seconds (6102 ms)</td>
</tr><tr>
<td>Included groups:</td><td></td>
</tr><tr>
<td>Excluded groups:</td><td></td>
</tr>
</table><p/>
<small><i>(Hover the method name to see the test class name)</i></small><p/>
<table width='100%' border='1' class='invocation-failed'>
<tr><td colspan='4' align='center'><b>FAILED TESTS</b></td></tr>
<tr><td><b>Test method</b></td>
<td width="30%"><b>Exception</b></td>
<td width="10%"><b>Time (seconds)</b></td>
<td><b>Instance</b></td>
</tr>
<tr>
<td title='testCases.PartOnlyTest.partOnlyTest()'><b>partOnlyTest</b><br>Test class: testCases.PartOnlyTest</td>
<td><div><pre>org.testng.TestNGException: 
Cannot inject @Test annotated Method [partOnlyTest] with [class java.util.Hashtable].
For more information on native dependency injection please refer to https://testng.org/doc/documentation-main.html#native-dependency-injection
	at java.base/java.util.ArrayList.forEach(ArrayList.java:1511)
... Removed 26 stack frames</pre></div><a href='#' onClick='toggleBox("stack-trace584694804", this, "Click to show all stack frames", "Click to hide stack frames")'>Click to show all stack frames</a>
<div class='stack-trace' id='stack-trace584694804'><pre>org.testng.TestNGException: 
Cannot inject @Test annotated Method [partOnlyTest] with [class java.util.Hashtable].
For more information on native dependency injection please refer to https://testng.org/doc/documentation-main.html#native-dependency-injection
	at org.testng.internal.Parameters.checkParameterTypes(Parameters.java:437)
	at org.testng.internal.Parameters.createParametersForMethod(Parameters.java:351)
	at org.testng.internal.Parameters.createParameters(Parameters.java:708)
	at org.testng.internal.Parameters.handleParameters(Parameters.java:875)
	at org.testng.internal.Parameters.handleParameters(Parameters.java:740)
	at org.testng.internal.ParameterHandler.handleParameters(ParameterHandler.java:59)
	at org.testng.internal.ParameterHandler.createParameters(ParameterHandler.java:38)
	at org.testng.internal.TestInvoker$MethodInvocationAgent.invoke(TestInvoker.java:789)
	at org.testng.internal.TestInvoker.invokeTestMethods(TestInvoker.java:147)
	at org.testng.internal.TestMethodWorker.invokeTestMethods(TestMethodWorker.java:146)
	at org.testng.internal.TestMethodWorker.run(TestMethodWorker.java:128)
	at java.base/java.util.ArrayList.forEach(ArrayList.java:1511)
	at org.testng.TestRunner.privateRun(TestRunner.java:764)
	at org.testng.TestRunner.run(TestRunner.java:585)
	at org.testng.SuiteRunner.runTest(SuiteRunner.java:384)
	at org.testng.SuiteRunner.runSequentially(SuiteRunner.java:378)
	at org.testng.SuiteRunner.privateRun(SuiteRunner.java:337)
	at org.testng.SuiteRunner.run(SuiteRunner.java:286)
	at org.testng.SuiteRunnerWorker.runSuite(SuiteRunnerWorker.java:53)
	at org.testng.SuiteRunnerWorker.run(SuiteRunnerWorker.java:96)
	at org.testng.TestNG.runSuitesSequentially(TestNG.java:1218)
	at org.testng.TestNG.runSuitesLocally(TestNG.java:1140)
	at org.testng.TestNG.runSuites(TestNG.java:1069)
	at org.testng.TestNG.run(TestNG.java:1037)
	at org.testng.remote.AbstractRemoteTestNG.run(AbstractRemoteTestNG.java:115)
	at org.testng.remote.RemoteTestNG.initAndRun(RemoteTestNG.java:251)
	at org.testng.remote.RemoteTestNG.main(RemoteTestNG.java:77)
</pre></div></td>
<td>0</td>
<td>testCases.PartOnlyTest@5c8504fd</td></tr>
</table><p>
<table width='100%' border='1' class='invocation-passed'>
<tr><td colspan='4' align='center'><b>PASSED TESTS</b></td></tr>
<tr><td><b>Test method</b></td>
<td width="30%"><b>Exception</b></td>
<td width="10%"><b>Time (seconds)</b></td>
<td><b>Instance</b></td>
</tr>
<tr>
<td title='testCases.CreateNewQuoteTest.CurtainTrackOnly()'><b>CurtainTrackOnly</b><br>Test class: testCases.CreateNewQuoteTest<br/>
<a href="#Output-117911771" onClick='toggleBox("Output-117911771", this, "Show output", "Hide output");'>Show output</a>

<a href="#Output-117911771" onClick="toggleAllBoxes();">Show all outputs</a>
<div class='log' id="Output-117911771">
CURTAINTRACKONLY   checking  test  case run mode. if run mode is no: test will be skipped.<br/>
clicking  in this  : By.xpath: //span[normalize-space()='Quotes'] bottom<br/>
waiting  in this  : By.xpath: //body/anms-root[1]/main[1]/pages[1]/div[2]/div[2]/div[1]/div[2]/quotes[1]/div[2]/div[1]/div[1]/div[1]/div[1]/button[1] web elemet to be clickable  <br/>
clicking  in this  : By.xpath: //body/anms-root[1]/main[1]/pages[1]/div[2]/div[2]/div[1]/div[2]/quotes[1]/div[2]/div[1]/div[1]/div[1]/div[1]/button[1] bottom<br/>
waiting  in this  : [[ChromeDriver: chrome on WINDOWS (d7417dba48c40e132fee7ae8c7ff2ca3)] -> xpath: //div[@class='col-sm-4 form-group inputbutton customerListDropDown float-left']//select[@class='select-dropdown ng-untouched ng-pristine ng-valid ng-star-inserted']] web elemet to be vissible <br/>
selecting in this : [[ChromeDriver: chrome on WINDOWS (d7417dba48c40e132fee7ae8c7ff2ca3)] -> xpath: //div[@class='col-sm-4 form-group inputbutton customerListDropDown float-left']//select[@class='select-dropdown ng-untouched ng-pristine ng-valid ng-star-inserted']] enter value as the Test<br/>
typing in this : By.xpath: //input[@id='curtainCost'] enter value as the Test_KeyDRiven<br/>
waiting  in this  : By.cssSelector: .col-sm-12.float-left > .col-sm-4.form-group.inputbutton.curtainTypeDropDown.float-left elemet to be peresent   <br/>
selecting in this : [[ChromeDriver: chrome on WINDOWS (d7417dba48c40e132fee7ae8c7ff2ca3)] -> xpath: //body/anms-root[1]/main[1]/pages[1]/div[2]/div[2]/div[1]/div[2]/add-quotes[1]/div[1]/div[1]/div[1]/form[1]/div[1]/div[4]/div[1]/dropdrown[1]/div[1]/select[1]] enter index number  as the 1<br/>
Dropdown has been selected!<br/>
clicking  in this  : By.cssSelector: input[formcontrolname='includeLaborCost'] bottom<br/>
typing in this : By.cssSelector: #laborCost enter value as the 1500<br/>
waiting  in this  : [[ChromeDriver: chrome on WINDOWS (d7417dba48c40e132fee7ae8c7ff2ca3)] -> xpath: //body/anms-root[1]/main[1]/pages[1]/div[2]/div[2]/div[1]/div[2]/add-quotes[1]/div[1]/div[1]/div[1]/form[1]/div[1]/div[4]/div[4]/div[5]/input[1]] web elemet to be vissible <br/>
typing in this : By.cssSelector: #quantity enter value as the 2<br/>
typing in this : By.cssSelector: #area_floor enter value as the ShowerRoom<br/>
typing in this : By.xpath: //input[@id='room'] enter value as the 124B<br/>
typing in this : By.cssSelector: #track_designation enter value as the 124-BCS<br/>
typing in this : By.xpath: //input[@id='ceiling_height_feet'] enter value as the 9<br/>
typing in this : By.xpath: //input[@id='ceiling_height_inches'] enter value as the 6<br/>
clicking  in this  : By.xpath: //input[@formcontrolname='ninety_degree_wall_touches'] bottom<br/>
selecting in this : [[ChromeDriver: chrome on WINDOWS (d7417dba48c40e132fee7ae8c7ff2ca3)] -> css selector: body > anms-root:nth-child(1) > main:nth-child(1) > pages:nth-child(3) > div:nth-child(2) > div:nth-child(2) > div:nth-child(1) > div:nth-child(2) > add-quotes:nth-child(2) > div:nth-child(1) > div:nth-child(1) > div:nth-child(1) > form:nth-child(2) > div:nth-child(2) > div:nth-child(1) > div:nth-child(1) > div:nth-child(1) > div:nth-child(1) > div:nth-child(2) > div:nth-child(1) > screen2:nth-child(1) > div:nth-child(1) > div:nth-child(1) > div:nth-child(1) > div:nth-child(1) > add-track-details:nth-child(1) > div:nth-child(1) > div:nth-child(1) > div:nth-child(1) > form:nth-child(1) > div:nth-child(1) > div:nth-child(8) > dropdrown:nth-child(2) > div:nth-child(1) > select:nth-child(1)] enter index number  as the 1: ACT<br/>
selecting in this : [[ChromeDriver: chrome on WINDOWS (d7417dba48c40e132fee7ae8c7ff2ca3)] -> xpath: //div[@class='col-sm-3 form-group fabricPatternListDropDown float-left']//select[@class='select-dropdown ng-untouched ng-pristine ng-valid ng-star-inserted']] enter index number  as the 1: 1 Curve<br/>
typing in this : By.xpath: //input[@id='first_feet'] enter value as the 12<br/>
typing in this : By.xpath: //input[@id='first_inches'] enter value as the 6<br/>
typing in this : By.xpath: //input[@id='second_feet'] enter value as the 4<br/>
typing in this : By.xpath: //input[@id='second_inches'] enter value as the 8<br/>
selecting in this : [[ChromeDriver: chrome on WINDOWS (d7417dba48c40e132fee7ae8c7ff2ca3)] -> xpath: //body/anms-root[1]/main[1]/pages[1]/div[2]/div[2]/div[1]/div[2]/add-quotes[1]/div[1]/div[1]/div[1]/form[1]/div[2]/div[1]/div[1]/div[1]/div[1]/div[2]/div[1]/screen2[1]/div[1]/div[1]/div[1]/div[1]/add-track-details[1]/div[1]/div[1]/div[1]/form[1]/div[1]/div[13]/div[1]/dropdrown[1]/div[1]/select[1]] enter index number  as the 2: 90° 1 ft. Radius Bend<br/>
waiting  in this  : By.xpath: //input[@value='Add Track'] elemet to be peresent   <br/>
CurtainTrackOnly   test is succefully tested<br/>
</div>
</td>
<td></td>
<td>4</td>
<td>testCases.CreateNewQuoteTest@42f33b5d</td></tr>
<tr>
<td title='testCases.LoginTest.loginAsWorker()'><b>loginAsWorker</b><br>Test class: testCases.LoginTest<br>Parameters: {password=Amerika254, email=ercan@ontherighttrack.com, runmode=Y}<br/>
<a href="#Output-1816326817" onClick='toggleBox("Output-1816326817", this, "Show output", "Hide output");'>Show output</a>

<a href="#Output-1816326817" onClick="toggleAllBoxes();">Show all outputs</a>
<div class='log' id="Output-1816326817">
LOGINASWORKER   checking  test  case run mode. if run mode is no: test will be skipped.<br/>
typing in this : By.xpath: //input[@id='inputEmail3'] enter value as the ercan@ontherighttrack.com<br/>
 valid email is entered<br/>
typing in this : By.cssSelector: #inputPassword3 enter value as the Amerika254<br/>
valid passwords is entering<br/>
clicking  in this  : By.xpath: //input[@value='SIGN IN'] bottom<br/>
Succefully entering main page.<br/>
waiting  in this  : By.xpath: //div[@id='toast-container'] elemet to be peresent   <br/>
waiting  in this  : By.xpath: //i[@class='fa fa-plus'] elemet to be peresent   <br/>
loginAsWorker   test is succefully tested<br/>
</div>
</td>
<td></td>
<td>0</td>
<td>testCases.LoginTest@47c4ecdc</td></tr>
</table><p>
<table width='100%' border='1' class='invocation-skipped'>
<tr><td colspan='4' align='center'><b>SKIPPED TESTS</b></td></tr>
<tr><td><b>Test method</b></td>
<td width="30%"><b>Exception</b></td>
<td width="10%"><b>Time (seconds)</b></td>
<td><b>Instance</b></td>
</tr>
<tr>
<td title='testCases.LoginTest.loginAsWorker()'><b>loginAsWorker</b><br>Test class: testCases.LoginTest<br>Parameters: {password=, email=, runmode=N}<br/>
<a href="#Output-1185575212" onClick='toggleBox("Output-1185575212", this, "Show output", "Hide output");'>Show output</a>

<a href="#Output-1185575212" onClick="toggleAllBoxes();">Show all outputs</a>
<div class='log' id="Output-1185575212">
LOGINASWORKER   checking  test  case run mode. if run mode is no: test will be skipped.<br/>
loginAsWorker   test is  skipped the test as run mode is no <br/>
</div>
</td>
<td><div><pre>org.testng.SkipException: Test is skipping  bacouse of run mode 
	at testCases.LoginTest.loginAsWorker(LoginTest.java:18)
	at java.base/java.util.ArrayList.forEach(ArrayList.java:1511)
... Removed 27 stack frames</pre></div><a href='#' onClick='toggleBox("stack-trace1185575212", this, "Click to show all stack frames", "Click to hide stack frames")'>Click to show all stack frames</a>
<div class='stack-trace' id='stack-trace1185575212'><pre>org.testng.SkipException: Test is skipping  bacouse of run mode 
	at testCases.LoginTest.loginAsWorker(LoginTest.java:18)
	at java.base/jdk.internal.reflect.NativeMethodAccessorImpl.invoke0(Native Method)
	at java.base/jdk.internal.reflect.NativeMethodAccessorImpl.invoke(NativeMethodAccessorImpl.java:64)
	at java.base/jdk.internal.reflect.DelegatingMethodAccessorImpl.invoke(DelegatingMethodAccessorImpl.java:43)
	at java.base/java.lang.reflect.Method.invoke(Method.java:564)
	at org.testng.internal.MethodInvocationHelper.invokeMethod(MethodInvocationHelper.java:132)
	at org.testng.internal.TestInvoker.invokeMethod(TestInvoker.java:599)
	at org.testng.internal.TestInvoker.invokeTestMethod(TestInvoker.java:174)
	at org.testng.internal.MethodRunner.runInSequence(MethodRunner.java:46)
	at org.testng.internal.TestInvoker$MethodInvocationAgent.invoke(TestInvoker.java:822)
	at org.testng.internal.TestInvoker.invokeTestMethods(TestInvoker.java:147)
	at org.testng.internal.TestMethodWorker.invokeTestMethods(TestMethodWorker.java:146)
	at org.testng.internal.TestMethodWorker.run(TestMethodWorker.java:128)
	at java.base/java.util.ArrayList.forEach(ArrayList.java:1511)
	at org.testng.TestRunner.privateRun(TestRunner.java:764)
	at org.testng.TestRunner.run(TestRunner.java:585)
	at org.testng.SuiteRunner.runTest(SuiteRunner.java:384)
	at org.testng.SuiteRunner.runSequentially(SuiteRunner.java:378)
	at org.testng.SuiteRunner.privateRun(SuiteRunner.java:337)
	at org.testng.SuiteRunner.run(SuiteRunner.java:286)
	at org.testng.SuiteRunnerWorker.runSuite(SuiteRunnerWorker.java:53)
	at org.testng.SuiteRunnerWorker.run(SuiteRunnerWorker.java:96)
	at org.testng.TestNG.runSuitesSequentially(TestNG.java:1218)
	at org.testng.TestNG.runSuitesLocally(TestNG.java:1140)
	at org.testng.TestNG.runSuites(TestNG.java:1069)
	at org.testng.TestNG.run(TestNG.java:1037)
	at org.testng.remote.AbstractRemoteTestNG.run(AbstractRemoteTestNG.java:115)
	at org.testng.remote.RemoteTestNG.initAndRun(RemoteTestNG.java:251)
	at org.testng.remote.RemoteTestNG.main(RemoteTestNG.java:77)
</pre></div></td>
<td>0</td>
<td>testCases.LoginTest@47c4ecdc</td></tr>
<tr>
<td title='testCases.LoginTest.loginAsWorker()'><b>loginAsWorker</b><br>Test class: testCases.LoginTest<br>Parameters: {password=, email=, runmode=N}<br/>
<a href="#Output-1894338251" onClick='toggleBox("Output-1894338251", this, "Show output", "Hide output");'>Show output</a>

<a href="#Output-1894338251" onClick="toggleAllBoxes();">Show all outputs</a>
<div class='log' id="Output-1894338251">
LOGINASWORKER   checking  test  case run mode. if run mode is no: test will be skipped.<br/>
loginAsWorker   test is  skipped the test as run mode is no <br/>
</div>
</td>
<td><div><pre>org.testng.SkipException: Test is skipping  bacouse of run mode 
	at testCases.LoginTest.loginAsWorker(LoginTest.java:18)
	at java.base/java.util.ArrayList.forEach(ArrayList.java:1511)
... Removed 27 stack frames</pre></div><a href='#' onClick='toggleBox("stack-trace1894338251", this, "Click to show all stack frames", "Click to hide stack frames")'>Click to show all stack frames</a>
<div class='stack-trace' id='stack-trace1894338251'><pre>org.testng.SkipException: Test is skipping  bacouse of run mode 
	at testCases.LoginTest.loginAsWorker(LoginTest.java:18)
	at java.base/jdk.internal.reflect.NativeMethodAccessorImpl.invoke0(Native Method)
	at java.base/jdk.internal.reflect.NativeMethodAccessorImpl.invoke(NativeMethodAccessorImpl.java:64)
	at java.base/jdk.internal.reflect.DelegatingMethodAccessorImpl.invoke(DelegatingMethodAccessorImpl.java:43)
	at java.base/java.lang.reflect.Method.invoke(Method.java:564)
	at org.testng.internal.MethodInvocationHelper.invokeMethod(MethodInvocationHelper.java:132)
	at org.testng.internal.TestInvoker.invokeMethod(TestInvoker.java:599)
	at org.testng.internal.TestInvoker.invokeTestMethod(TestInvoker.java:174)
	at org.testng.internal.MethodRunner.runInSequence(MethodRunner.java:46)
	at org.testng.internal.TestInvoker$MethodInvocationAgent.invoke(TestInvoker.java:822)
	at org.testng.internal.TestInvoker.invokeTestMethods(TestInvoker.java:147)
	at org.testng.internal.TestMethodWorker.invokeTestMethods(TestMethodWorker.java:146)
	at org.testng.internal.TestMethodWorker.run(TestMethodWorker.java:128)
	at java.base/java.util.ArrayList.forEach(ArrayList.java:1511)
	at org.testng.TestRunner.privateRun(TestRunner.java:764)
	at org.testng.TestRunner.run(TestRunner.java:585)
	at org.testng.SuiteRunner.runTest(SuiteRunner.java:384)
	at org.testng.SuiteRunner.runSequentially(SuiteRunner.java:378)
	at org.testng.SuiteRunner.privateRun(SuiteRunner.java:337)
	at org.testng.SuiteRunner.run(SuiteRunner.java:286)
	at org.testng.SuiteRunnerWorker.runSuite(SuiteRunnerWorker.java:53)
	at org.testng.SuiteRunnerWorker.run(SuiteRunnerWorker.java:96)
	at org.testng.TestNG.runSuitesSequentially(TestNG.java:1218)
	at org.testng.TestNG.runSuitesLocally(TestNG.java:1140)
	at org.testng.TestNG.runSuites(TestNG.java:1069)
	at org.testng.TestNG.run(TestNG.java:1037)
	at org.testng.remote.AbstractRemoteTestNG.run(AbstractRemoteTestNG.java:115)
	at org.testng.remote.RemoteTestNG.initAndRun(RemoteTestNG.java:251)
	at org.testng.remote.RemoteTestNG.main(RemoteTestNG.java:77)
</pre></div></td>
<td>0</td>
<td>testCases.LoginTest@47c4ecdc</td></tr>
<tr>
<td title='testCases.LoginTest.loginAsWorker()'><b>loginAsWorker</b><br>Test class: testCases.LoginTest<br>Parameters: {password=, email=, runmode=}<br/>
<a href="#Output-346049017" onClick='toggleBox("Output-346049017", this, "Show output", "Hide output");'>Show output</a>

<a href="#Output-346049017" onClick="toggleAllBoxes();">Show all outputs</a>
<div class='log' id="Output-346049017">
LOGINASWORKER   checking  test  case run mode. if run mode is no: test will be skipped.<br/>
loginAsWorker   test is  skipped the test as run mode is no <br/>
</div>
</td>
<td><div><pre>org.testng.SkipException: Test is skipping  bacouse of run mode 
	at testCases.LoginTest.loginAsWorker(LoginTest.java:18)
	at java.base/java.util.ArrayList.forEach(ArrayList.java:1511)
... Removed 27 stack frames</pre></div><a href='#' onClick='toggleBox("stack-trace346049017", this, "Click to show all stack frames", "Click to hide stack frames")'>Click to show all stack frames</a>
<div class='stack-trace' id='stack-trace346049017'><pre>org.testng.SkipException: Test is skipping  bacouse of run mode 
	at testCases.LoginTest.loginAsWorker(LoginTest.java:18)
	at java.base/jdk.internal.reflect.NativeMethodAccessorImpl.invoke0(Native Method)
	at java.base/jdk.internal.reflect.NativeMethodAccessorImpl.invoke(NativeMethodAccessorImpl.java:64)
	at java.base/jdk.internal.reflect.DelegatingMethodAccessorImpl.invoke(DelegatingMethodAccessorImpl.java:43)
	at java.base/java.lang.reflect.Method.invoke(Method.java:564)
	at org.testng.internal.MethodInvocationHelper.invokeMethod(MethodInvocationHelper.java:132)
	at org.testng.internal.TestInvoker.invokeMethod(TestInvoker.java:599)
	at org.testng.internal.TestInvoker.invokeTestMethod(TestInvoker.java:174)
	at org.testng.internal.MethodRunner.runInSequence(MethodRunner.java:46)
	at org.testng.internal.TestInvoker$MethodInvocationAgent.invoke(TestInvoker.java:822)
	at org.testng.internal.TestInvoker.invokeTestMethods(TestInvoker.java:147)
	at org.testng.internal.TestMethodWorker.invokeTestMethods(TestMethodWorker.java:146)
	at org.testng.internal.TestMethodWorker.run(TestMethodWorker.java:128)
	at java.base/java.util.ArrayList.forEach(ArrayList.java:1511)
	at org.testng.TestRunner.privateRun(TestRunner.java:764)
	at org.testng.TestRunner.run(TestRunner.java:585)
	at org.testng.SuiteRunner.runTest(SuiteRunner.java:384)
	at org.testng.SuiteRunner.runSequentially(SuiteRunner.java:378)
	at org.testng.SuiteRunner.privateRun(SuiteRunner.java:337)
	at org.testng.SuiteRunner.run(SuiteRunner.java:286)
	at org.testng.SuiteRunnerWorker.runSuite(SuiteRunnerWorker.java:53)
	at org.testng.SuiteRunnerWorker.run(SuiteRunnerWorker.java:96)
	at org.testng.TestNG.runSuitesSequentially(TestNG.java:1218)
	at org.testng.TestNG.runSuitesLocally(TestNG.java:1140)
	at org.testng.TestNG.runSuites(TestNG.java:1069)
	at org.testng.TestNG.run(TestNG.java:1037)
	at org.testng.remote.AbstractRemoteTestNG.run(AbstractRemoteTestNG.java:115)
	at org.testng.remote.RemoteTestNG.initAndRun(RemoteTestNG.java:251)
	at org.testng.remote.RemoteTestNG.main(RemoteTestNG.java:77)
</pre></div></td>
<td>0</td>
<td>testCases.LoginTest@47c4ecdc</td></tr>
<tr>
<td title='testCases.LoginTest.loginAsWorker()'><b>loginAsWorker</b><br>Test class: testCases.LoginTest<br>Parameters: {password=, email=, runmode=}<br/>
<a href="#Output-79121205" onClick='toggleBox("Output-79121205", this, "Show output", "Hide output");'>Show output</a>

<a href="#Output-79121205" onClick="toggleAllBoxes();">Show all outputs</a>
<div class='log' id="Output-79121205">
LOGINASWORKER   checking  test  case run mode. if run mode is no: test will be skipped.<br/>
loginAsWorker   test is  skipped the test as run mode is no <br/>
</div>
</td>
<td><div><pre>org.testng.SkipException: Test is skipping  bacouse of run mode 
	at testCases.LoginTest.loginAsWorker(LoginTest.java:18)
	at java.base/java.util.ArrayList.forEach(ArrayList.java:1511)
... Removed 27 stack frames</pre></div><a href='#' onClick='toggleBox("stack-trace79121205", this, "Click to show all stack frames", "Click to hide stack frames")'>Click to show all stack frames</a>
<div class='stack-trace' id='stack-trace79121205'><pre>org.testng.SkipException: Test is skipping  bacouse of run mode 
	at testCases.LoginTest.loginAsWorker(LoginTest.java:18)
	at java.base/jdk.internal.reflect.NativeMethodAccessorImpl.invoke0(Native Method)
	at java.base/jdk.internal.reflect.NativeMethodAccessorImpl.invoke(NativeMethodAccessorImpl.java:64)
	at java.base/jdk.internal.reflect.DelegatingMethodAccessorImpl.invoke(DelegatingMethodAccessorImpl.java:43)
	at java.base/java.lang.reflect.Method.invoke(Method.java:564)
	at org.testng.internal.MethodInvocationHelper.invokeMethod(MethodInvocationHelper.java:132)
	at org.testng.internal.TestInvoker.invokeMethod(TestInvoker.java:599)
	at org.testng.internal.TestInvoker.invokeTestMethod(TestInvoker.java:174)
	at org.testng.internal.MethodRunner.runInSequence(MethodRunner.java:46)
	at org.testng.internal.TestInvoker$MethodInvocationAgent.invoke(TestInvoker.java:822)
	at org.testng.internal.TestInvoker.invokeTestMethods(TestInvoker.java:147)
	at org.testng.internal.TestMethodWorker.invokeTestMethods(TestMethodWorker.java:146)
	at org.testng.internal.TestMethodWorker.run(TestMethodWorker.java:128)
	at java.base/java.util.ArrayList.forEach(ArrayList.java:1511)
	at org.testng.TestRunner.privateRun(TestRunner.java:764)
	at org.testng.TestRunner.run(TestRunner.java:585)
	at org.testng.SuiteRunner.runTest(SuiteRunner.java:384)
	at org.testng.SuiteRunner.runSequentially(SuiteRunner.java:378)
	at org.testng.SuiteRunner.privateRun(SuiteRunner.java:337)
	at org.testng.SuiteRunner.run(SuiteRunner.java:286)
	at org.testng.SuiteRunnerWorker.runSuite(SuiteRunnerWorker.java:53)
	at org.testng.SuiteRunnerWorker.run(SuiteRunnerWorker.java:96)
	at org.testng.TestNG.runSuitesSequentially(TestNG.java:1218)
	at org.testng.TestNG.runSuitesLocally(TestNG.java:1140)
	at org.testng.TestNG.runSuites(TestNG.java:1069)
	at org.testng.TestNG.run(TestNG.java:1037)
	at org.testng.remote.AbstractRemoteTestNG.run(AbstractRemoteTestNG.java:115)
	at org.testng.remote.RemoteTestNG.initAndRun(RemoteTestNG.java:251)
	at org.testng.remote.RemoteTestNG.main(RemoteTestNG.java:77)
</pre></div></td>
<td>0</td>
<td>testCases.LoginTest@47c4ecdc</td></tr>
</table><p>
</body>
</html>